<?xml version="1.0" encoding="UTF-8"?>
<robot generator="Robot 4.1.2 (Python 3.10.0 on win32)" generated="20211207 21:27:55.762" rpa="false" schemaversion="2">
<suite id="s1" name="Users" source="C:\WorksAutomation\Getgeeks-Gravidade-Zero\Backend\Users\Tests\Users.robot">
<test id="s1-t1" name="Add New User">
<kw name="Factory New User" library="Users">
<var>${payload}</var>
<msg timestamp="20211207 21:27:55.869" level="INFO">${payload} = {'name': 'Clint Barton', 'email': 'barton@shield.com', 'password': '123456'}</msg>
<status status="PASS" starttime="20211207 21:27:55.868" endtime="20211207 21:27:55.869"/>
</kw>
<kw name="POST User" library="UsersRoute">
<var>${response}</var>
<arg>${payload}</arg>
<kw name="POST" library="RequestsLibrary">
<var>${response}</var>
<arg>${BASE_URL}/users</arg>
<arg>json=${payload}</arg>
<arg>expected_status=any</arg>
<doc>Sends a POST request.</doc>
<msg timestamp="20211207 21:27:57.869" level="INFO">POST Request : url=https://getgeeks-user-antonio.herokuapp.com/users 
 path_url=/users 
 headers={'User-Agent': 'python-requests/2.26.0', 'Accept-Encoding': 'gzip, deflate', 'Accept': '*/*', 'Connection': 'keep-alive', 'Content-Length': '76', 'Content-Type': 'application/json'} 
 body=b'{"name": "Clint Barton", "email": "barton@shield.com", "password": "123456"}' 
 </msg>
<msg timestamp="20211207 21:27:57.869" level="INFO">POST Response : url=https://getgeeks-user-antonio.herokuapp.com/users 
 status=201, reason=Created 
 headers={'Server': 'Cowboy', 'Connection': 'keep-alive', 'X-Powered-By': 'Express', 'Access-Control-Allow-Origin': '*', 'Date': 'Wed, 08 Dec 2021 00:27:50 GMT', 'Content-Length': '0', 'Via': '1.1 vegur'} 
 body=None 
 </msg>
<msg timestamp="20211207 21:27:57.869" level="INFO">${response} = &lt;Response [201]&gt;</msg>
<status status="PASS" starttime="20211207 21:27:55.869" endtime="20211207 21:27:57.869"/>
</kw>
<msg timestamp="20211207 21:27:57.870" level="INFO">${response} = &lt;Response [201]&gt;</msg>
<status status="PASS" starttime="20211207 21:27:55.869" endtime="20211207 21:27:57.870"/>
</kw>
<kw name="Status Should Be" library="RequestsLibrary">
<arg>201</arg>
<arg>${response}</arg>
<doc>Fails if response status code is different than the expected.</doc>
<status status="PASS" starttime="20211207 21:27:57.870" endtime="20211207 21:27:57.870"/>
</kw>
<status status="PASS" starttime="20211207 21:27:55.868" endtime="20211207 21:27:57.871"/>
</test>
<doc>User route test suite</doc>
<status status="PASS" starttime="20211207 21:27:55.764" endtime="20211207 21:27:57.872"/>
</suite>
<statistics>
<total>
<stat pass="1" fail="0" skip="0">All Tests</stat>
</total>
<tag>
</tag>
<suite>
<stat pass="1" fail="0" skip="0" id="s1" name="Users">Users</stat>
</suite>
</statistics>
<errors>
</errors>
</robot>
