<?xml version="1.0" encoding="UTF-8"?>
<robot generator="Robot 4.1.2 (Python 3.10.0 on win32)" generated="20211207 20:31:08.604" rpa="false" schemaversion="2">
<suite id="s1" name="Login" source="C:\WorksAutomation\Getgeeks-Gravidade-Zero\Frontend\Tests\Login.robot">
<test id="s1-t1" name="User Login">
<kw name="Start Session" library="Base" type="SETUP">
<kw name="New Browser" library="Browser">
<arg>${BROWSER}</arg>
<arg>headless=${HEADLESS}</arg>
<arg>slowMo=00:00:00</arg>
<tag>BrowserControl</tag>
<tag>Setter</tag>
<doc>Create a new playwright Browser with specified options.</doc>
<msg timestamp="20211207 20:31:09.665" level="INFO">{"browser": "chromium", "headless": false, "handleSIGINT": true, "handleSIGTERM": true, "handleSIGHUP": true, "timeout": 30000.0, "devtools": false, "slowMo": 0.0, "tracesDir": "C:\\WorksAutomation\\Getgeeks-Gravidade-Zero\\Frontend\\Logs\\pabot_results\\0\\browser\\traces\\b7907cca-6814-41a3-b6d3-4b02a4bf6562"}</msg>
<msg timestamp="20211207 20:31:10.314" level="INFO">Successfully created browser with options: {"browser":"chromium","headless":false,"handleSIGINT":true,"handleSIGTERM":true,"handleSIGHUP":true,"timeout":30000,"devtools":false,"slowMo":0,"tracesDir":"C:\\WorksAutomation\\Getgeeks-Gravidade-Zero\\Frontend\\Logs\\pabot_results\\0\\browser\\traces\\b7907cca-6814-41a3-b6d3-4b02a4bf6562"}</msg>
<status status="PASS" starttime="20211207 20:31:09.664" endtime="20211207 20:31:10.314"/>
</kw>
<kw name="New Page" library="Browser">
<arg>${URL_BASE}</arg>
<tag>BrowserControl</tag>
<tag>Setter</tag>
<doc>Open a new Page. A Page is the Playwright equivalent to a tab.
See `Browser, Context and Page` for more information about Page concept.
Returns a stable identifier for the created page.</doc>
<msg timestamp="20211207 20:31:14.742" level="INFO">Successfully initialized new page object and opened url: https://getgeeks-antonio.herokuapp.com</msg>
<msg timestamp="20211207 20:31:14.742" level="INFO">No context was open. New context was automatically opened when this page is created.</msg>
<status status="PASS" starttime="20211207 20:31:10.314" endtime="20211207 20:31:14.742"/>
</kw>
<status status="PASS" starttime="20211207 20:31:09.664" endtime="20211207 20:31:14.743"/>
</kw>
<kw name="Factory User" library="Users">
<var>${user}</var>
<arg>login</arg>
<msg timestamp="20211207 20:31:14.744" level="INFO">${user} = {'name': 'Antonio', 'lastname': 'Moreira', 'email': 'antonio@gmail.com', 'password': '123456'}</msg>
<status status="PASS" starttime="20211207 20:31:14.743" endtime="20211207 20:31:14.744"/>
</kw>
<kw name="Go To Login Page" library="AuthActions">
<kw name="Go To" library="Browser">
<arg>${URL_BASE}</arg>
<tag>BrowserControl</tag>
<tag>Setter</tag>
<doc>Navigates to the given ``url``.</doc>
<msg timestamp="20211207 20:31:15.496" level="INFO">Successfully opened URL https://getgeeks-antonio.herokuapp.com</msg>
<status status="PASS" starttime="20211207 20:31:14.744" endtime="20211207 20:31:15.496"/>
</kw>
<kw name="Wait For Elements State" library="Browser">
<arg>css=.submit-button &gt;&gt; text=Entrar</arg>
<arg>visible</arg>
<arg>15</arg>
<tag>PageContent</tag>
<tag>Wait</tag>
<doc>Waits for the element found by ``selector`` to satisfy state option.</doc>
<msg timestamp="20211207 20:31:15.525" level="INFO">Waited for Element with selector css=.submit-button &gt;&gt; text=Entrar at state visible</msg>
<status status="PASS" starttime="20211207 20:31:15.497" endtime="20211207 20:31:15.525"/>
</kw>
<kw name="Wait For Elements State" library="Browser">
<arg>css=.login-form</arg>
<arg>visible</arg>
<arg>15</arg>
<tag>PageContent</tag>
<tag>Wait</tag>
<doc>Waits for the element found by ``selector`` to satisfy state option.</doc>
<msg timestamp="20211207 20:31:15.535" level="INFO">Waited for Element with selector css=.login-form at state visible</msg>
<status status="PASS" starttime="20211207 20:31:15.525" endtime="20211207 20:31:15.535"/>
</kw>
<status status="PASS" starttime="20211207 20:31:14.744" endtime="20211207 20:31:15.535"/>
</kw>
<kw name="Fill Credentials" library="AuthActions">
<arg>${user}</arg>
<kw name="Fill Text" library="Browser">
<arg>id=email</arg>
<arg>${user}[email]</arg>
<tag>PageContent</tag>
<tag>Setter</tag>
<doc>Clears and fills the given ``txt`` into the text field found by ``selector``.</doc>
<msg timestamp="20211207 20:31:15.537" level="INFO">Fills the text 'antonio@gmail.com' in the given field.</msg>
<status status="PASS" starttime="20211207 20:31:15.537" endtime="20211207 20:31:15.559"/>
</kw>
<kw name="Fill Text" library="Browser">
<arg>id=password</arg>
<arg>${user}[password]</arg>
<tag>PageContent</tag>
<tag>Setter</tag>
<doc>Clears and fills the given ``txt`` into the text field found by ``selector``.</doc>
<msg timestamp="20211207 20:31:15.560" level="INFO">Fills the text '123456' in the given field.</msg>
<status status="PASS" starttime="20211207 20:31:15.559" endtime="20211207 20:31:15.580"/>
</kw>
<status status="PASS" starttime="20211207 20:31:15.536" endtime="20211207 20:31:15.580"/>
</kw>
<kw name="Submit Credentials" library="AuthActions">
<kw name="Click" library="Browser">
<arg>css=.submit-button &gt;&gt; text=Entrar</arg>
<tag>PageContent</tag>
<tag>Setter</tag>
<doc>Simulates mouse click on the element found by ``selector``.</doc>
<status status="PASS" starttime="20211207 20:31:15.581" endtime="20211207 20:31:15.681"/>
</kw>
<status status="PASS" starttime="20211207 20:31:15.580" endtime="20211207 20:31:15.681"/>
</kw>
<kw name="User Should Be Logged In" library="AuthActions">
<arg>${user}</arg>
<kw name="Set Variable" library="BuiltIn">
<var>${profile}</var>
<arg>css=a[href='/profile']</arg>
<doc>Returns the given values which can then be assigned to a variables.</doc>
<msg timestamp="20211207 20:31:15.682" level="INFO">${profile} = css=a[href='/profile']</msg>
<status status="PASS" starttime="20211207 20:31:15.682" endtime="20211207 20:31:15.683"/>
</kw>
<kw name="Get Text" library="Browser">
<var>${profile_text}</var>
<arg>${profile}</arg>
<tag>Assertion</tag>
<tag>Getter</tag>
<tag>PageContent</tag>
<doc>Returns text attribute of the element found by ``selector``.</doc>
<msg timestamp="20211207 20:31:16.685" level="INFO">${profile_text} = Antonio Moreira</msg>
<status status="PASS" starttime="20211207 20:31:15.683" endtime="20211207 20:31:16.685"/>
</kw>
<kw name="Set Variable" library="BuiltIn">
<var>${expected_fullname}</var>
<arg>${user}[name] ${user}[lastname]</arg>
<doc>Returns the given values which can then be assigned to a variables.</doc>
<msg timestamp="20211207 20:31:16.685" level="INFO">${expected_fullname} = Antonio Moreira</msg>
<status status="PASS" starttime="20211207 20:31:16.685" endtime="20211207 20:31:16.685"/>
</kw>
<kw name="Wait For Elements State" library="Browser">
<arg>${profile} &gt;&gt; text=${expected_fullname}</arg>
<arg>visible</arg>
<arg>15</arg>
<tag>PageContent</tag>
<tag>Wait</tag>
<doc>Waits for the element found by ``selector`` to satisfy state option.</doc>
<msg timestamp="20211207 20:31:16.692" level="INFO">Waited for Element with selector css=a[href='/profile'] &gt;&gt; text=Antonio Moreira at state visible</msg>
<status status="PASS" starttime="20211207 20:31:16.686" endtime="20211207 20:31:16.692"/>
</kw>
<kw name="Log" library="BuiltIn">
<arg>\nProfile: ${profile_text}</arg>
<doc>Logs the given message with the given level.</doc>
<msg timestamp="20211207 20:31:16.693" level="INFO">
Profile: Antonio Moreira</msg>
<status status="PASS" starttime="20211207 20:31:16.692" endtime="20211207 20:31:16.693"/>
</kw>
<kw name="Log" library="BuiltIn">
<arg>Expected Fullname: ${expected_fullname}</arg>
<doc>Logs the given message with the given level.</doc>
<msg timestamp="20211207 20:31:16.693" level="INFO">Expected Fullname: Antonio Moreira</msg>
<status status="PASS" starttime="20211207 20:31:16.693" endtime="20211207 20:31:16.693"/>
</kw>
<kw name="Should Be Equal" library="BuiltIn">
<arg>${profile_text}</arg>
<arg>${expected_fullname}</arg>
<doc>Fails if the given objects are unequal.</doc>
<status status="PASS" starttime="20211207 20:31:16.693" endtime="20211207 20:31:16.694"/>
</kw>
<status status="PASS" starttime="20211207 20:31:15.681" endtime="20211207 20:31:16.694"/>
</kw>
<kw name="After Test" library="Base" type="TEARDOWN">
<kw name="Take Screenshot" library="Browser">
<tag>PageContent</tag>
<doc>Takes a screenshot of the current window or element and saves it to disk.</doc>
<msg timestamp="20211207 20:31:16.810" level="INFO" html="true">&lt;/td&gt;&lt;/tr&gt;&lt;tr&gt;&lt;td colspan="3"&gt;&lt;a href="browser/screenshot/robotframework-browser-screenshot-1.png"&gt;&lt;img src="browser/screenshot/robotframework-browser-screenshot-1.png" width="800px"&gt;&lt;/a&gt;</msg>
<status status="PASS" starttime="20211207 20:31:16.695" endtime="20211207 20:31:16.810"/>
</kw>
<status status="PASS" starttime="20211207 20:31:16.694" endtime="20211207 20:31:16.810"/>
</kw>
<tag>smoke</tag>
<status status="PASS" starttime="20211207 20:31:09.661" endtime="20211207 20:31:16.810"/>
</test>
<test id="s1-t2" name="Incorrect Pass">
<kw name="Start Session" library="Base" type="SETUP">
<kw name="New Browser" library="Browser">
<arg>${BROWSER}</arg>
<arg>headless=${HEADLESS}</arg>
<arg>slowMo=00:00:00</arg>
<tag>BrowserControl</tag>
<tag>Setter</tag>
<doc>Create a new playwright Browser with specified options.</doc>
<msg timestamp="20211207 20:31:16.893" level="INFO">{"browser": "chromium", "headless": false, "handleSIGINT": true, "handleSIGTERM": true, "handleSIGHUP": true, "timeout": 30000.0, "devtools": false, "slowMo": 0.0, "tracesDir": "C:\\WorksAutomation\\Getgeeks-Gravidade-Zero\\Frontend\\Logs\\pabot_results\\0\\browser\\traces\\cb0ea01b-2bfe-438c-a4d3-555d955916a8"}</msg>
<msg timestamp="20211207 20:31:17.557" level="INFO">Successfully created browser with options: {"browser":"chromium","headless":false,"handleSIGINT":true,"handleSIGTERM":true,"handleSIGHUP":true,"timeout":30000,"devtools":false,"slowMo":0,"tracesDir":"C:\\WorksAutomation\\Getgeeks-Gravidade-Zero\\Frontend\\Logs\\pabot_results\\0\\browser\\traces\\cb0ea01b-2bfe-438c-a4d3-555d955916a8"}</msg>
<status status="PASS" starttime="20211207 20:31:16.892" endtime="20211207 20:31:17.557"/>
</kw>
<kw name="New Page" library="Browser">
<arg>${URL_BASE}</arg>
<tag>BrowserControl</tag>
<tag>Setter</tag>
<doc>Open a new Page. A Page is the Playwright equivalent to a tab.
See `Browser, Context and Page` for more information about Page concept.
Returns a stable identifier for the created page.</doc>
<msg timestamp="20211207 20:31:21.141" level="INFO">Successfully initialized new page object and opened url: https://getgeeks-antonio.herokuapp.com</msg>
<msg timestamp="20211207 20:31:21.141" level="INFO">No context was open. New context was automatically opened when this page is created.</msg>
<status status="PASS" starttime="20211207 20:31:17.557" endtime="20211207 20:31:21.141"/>
</kw>
<status status="PASS" starttime="20211207 20:31:16.891" endtime="20211207 20:31:21.142"/>
</kw>
<kw name="Create Dictionary" library="BuiltIn">
<var>${user}</var>
<arg>email=antonio@gmail.com</arg>
<arg>password=errada123</arg>
<doc>Creates and returns a dictionary based on the given ``items``.</doc>
<msg timestamp="20211207 20:31:21.142" level="INFO">${user} = {'email': 'antonio@gmail.com', 'password': 'errada123'}</msg>
<status status="PASS" starttime="20211207 20:31:21.142" endtime="20211207 20:31:21.143"/>
</kw>
<kw name="Go To Login Page" library="AuthActions">
<kw name="Go To" library="Browser">
<arg>${URL_BASE}</arg>
<tag>BrowserControl</tag>
<tag>Setter</tag>
<doc>Navigates to the given ``url``.</doc>
<msg timestamp="20211207 20:31:21.737" level="INFO">Successfully opened URL https://getgeeks-antonio.herokuapp.com</msg>
<status status="PASS" starttime="20211207 20:31:21.144" endtime="20211207 20:31:21.737"/>
</kw>
<kw name="Wait For Elements State" library="Browser">
<arg>css=.submit-button &gt;&gt; text=Entrar</arg>
<arg>visible</arg>
<arg>15</arg>
<tag>PageContent</tag>
<tag>Wait</tag>
<doc>Waits for the element found by ``selector`` to satisfy state option.</doc>
<msg timestamp="20211207 20:31:21.765" level="INFO">Waited for Element with selector css=.submit-button &gt;&gt; text=Entrar at state visible</msg>
<status status="PASS" starttime="20211207 20:31:21.738" endtime="20211207 20:31:21.765"/>
</kw>
<kw name="Wait For Elements State" library="Browser">
<arg>css=.login-form</arg>
<arg>visible</arg>
<arg>15</arg>
<tag>PageContent</tag>
<tag>Wait</tag>
<doc>Waits for the element found by ``selector`` to satisfy state option.</doc>
<msg timestamp="20211207 20:31:21.772" level="INFO">Waited for Element with selector css=.login-form at state visible</msg>
<status status="PASS" starttime="20211207 20:31:21.765" endtime="20211207 20:31:21.773"/>
</kw>
<status status="PASS" starttime="20211207 20:31:21.143" endtime="20211207 20:31:21.773"/>
</kw>
<kw name="Fill Credentials" library="AuthActions">
<arg>${user}</arg>
<kw name="Fill Text" library="Browser">
<arg>id=email</arg>
<arg>${user}[email]</arg>
<tag>PageContent</tag>
<tag>Setter</tag>
<doc>Clears and fills the given ``txt`` into the text field found by ``selector``.</doc>
<msg timestamp="20211207 20:31:21.774" level="INFO">Fills the text 'antonio@gmail.com' in the given field.</msg>
<status status="PASS" starttime="20211207 20:31:21.774" endtime="20211207 20:31:21.795"/>
</kw>
<kw name="Fill Text" library="Browser">
<arg>id=password</arg>
<arg>${user}[password]</arg>
<tag>PageContent</tag>
<tag>Setter</tag>
<doc>Clears and fills the given ``txt`` into the text field found by ``selector``.</doc>
<msg timestamp="20211207 20:31:21.796" level="INFO">Fills the text 'errada123' in the given field.</msg>
<status status="PASS" starttime="20211207 20:31:21.795" endtime="20211207 20:31:21.809"/>
</kw>
<status status="PASS" starttime="20211207 20:31:21.773" endtime="20211207 20:31:21.810"/>
</kw>
<kw name="Submit Credentials" library="AuthActions">
<kw name="Click" library="Browser">
<arg>css=.submit-button &gt;&gt; text=Entrar</arg>
<tag>PageContent</tag>
<tag>Setter</tag>
<doc>Simulates mouse click on the element found by ``selector``.</doc>
<status status="PASS" starttime="20211207 20:31:21.811" endtime="20211207 20:31:21.898"/>
</kw>
<status status="PASS" starttime="20211207 20:31:21.810" endtime="20211207 20:31:21.898"/>
</kw>
<kw name="Modal Content Should Be" library="_SharedActions">
<arg>Usuário e/ou senha inválidos.</arg>
<kw name="Set Variable" library="BuiltIn">
<var>${title}</var>
<arg>css=.swal2-title</arg>
<doc>Returns the given values which can then be assigned to a variables.</doc>
<msg timestamp="20211207 20:31:21.900" level="INFO">${title} = css=.swal2-title</msg>
<status status="PASS" starttime="20211207 20:31:21.899" endtime="20211207 20:31:21.900"/>
</kw>
<kw name="Set Variable" library="BuiltIn">
<var>${content}</var>
<arg>css=.swal2-html-container</arg>
<doc>Returns the given values which can then be assigned to a variables.</doc>
<msg timestamp="20211207 20:31:21.900" level="INFO">${content} = css=.swal2-html-container</msg>
<status status="PASS" starttime="20211207 20:31:21.900" endtime="20211207 20:31:21.900"/>
</kw>
<kw name="Wait For Elements State" library="Browser">
<arg>${title}</arg>
<arg>visible</arg>
<arg>15</arg>
<tag>PageContent</tag>
<tag>Wait</tag>
<doc>Waits for the element found by ``selector`` to satisfy state option.</doc>
<msg timestamp="20211207 20:31:23.875" level="INFO">Waited for Element with selector css=.swal2-title at state visible</msg>
<status status="PASS" starttime="20211207 20:31:21.900" endtime="20211207 20:31:23.875"/>
</kw>
<kw name="Get Text" library="Browser">
<arg>${title}</arg>
<arg>equal</arg>
<arg>Oops...</arg>
<tag>Assertion</tag>
<tag>Getter</tag>
<tag>PageContent</tag>
<doc>Returns text attribute of the element found by ``selector``.</doc>
<status status="PASS" starttime="20211207 20:31:23.876" endtime="20211207 20:31:23.899"/>
</kw>
<kw name="Wait For Elements State" library="Browser">
<arg>${content}</arg>
<arg>visible</arg>
<arg>15</arg>
<tag>PageContent</tag>
<tag>Wait</tag>
<doc>Waits for the element found by ``selector`` to satisfy state option.</doc>
<msg timestamp="20211207 20:31:23.906" level="INFO">Waited for Element with selector css=.swal2-html-container at state visible</msg>
<status status="PASS" starttime="20211207 20:31:23.899" endtime="20211207 20:31:23.906"/>
</kw>
<kw name="Get Text" library="Browser">
<arg>${content}</arg>
<arg>equal</arg>
<arg>${expected_message}</arg>
<tag>Assertion</tag>
<tag>Getter</tag>
<tag>PageContent</tag>
<doc>Returns text attribute of the element found by ``selector``.</doc>
<status status="PASS" starttime="20211207 20:31:23.906" endtime="20211207 20:31:23.924"/>
</kw>
<status status="PASS" starttime="20211207 20:31:21.899" endtime="20211207 20:31:23.924"/>
</kw>
<kw name="After Test" library="Base" type="TEARDOWN">
<kw name="Take Screenshot" library="Browser">
<tag>PageContent</tag>
<doc>Takes a screenshot of the current window or element and saves it to disk.</doc>
<msg timestamp="20211207 20:31:24.177" level="INFO" html="true">&lt;/td&gt;&lt;/tr&gt;&lt;tr&gt;&lt;td colspan="3"&gt;&lt;a href="browser/screenshot/robotframework-browser-screenshot-2.png"&gt;&lt;img src="browser/screenshot/robotframework-browser-screenshot-2.png" width="800px"&gt;&lt;/a&gt;</msg>
<status status="PASS" starttime="20211207 20:31:23.925" endtime="20211207 20:31:24.177"/>
</kw>
<status status="PASS" starttime="20211207 20:31:23.924" endtime="20211207 20:31:24.177"/>
</kw>
<tag>inv_pass</tag>
<status status="PASS" starttime="20211207 20:31:16.888" endtime="20211207 20:31:24.177"/>
</test>
<test id="s1-t3" name="User Not Found">
<kw name="Start Session" library="Base" type="SETUP">
<kw name="New Browser" library="Browser">
<arg>${BROWSER}</arg>
<arg>headless=${HEADLESS}</arg>
<arg>slowMo=00:00:00</arg>
<tag>BrowserControl</tag>
<tag>Setter</tag>
<doc>Create a new playwright Browser with specified options.</doc>
<msg timestamp="20211207 20:31:24.241" level="INFO">{"browser": "chromium", "headless": false, "handleSIGINT": true, "handleSIGTERM": true, "handleSIGHUP": true, "timeout": 30000.0, "devtools": false, "slowMo": 0.0, "tracesDir": "C:\\WorksAutomation\\Getgeeks-Gravidade-Zero\\Frontend\\Logs\\pabot_results\\0\\browser\\traces\\4fd4fc17-3f72-4650-b62f-6d0302d913e4"}</msg>
<msg timestamp="20211207 20:31:24.958" level="INFO">Successfully created browser with options: {"browser":"chromium","headless":false,"handleSIGINT":true,"handleSIGTERM":true,"handleSIGHUP":true,"timeout":30000,"devtools":false,"slowMo":0,"tracesDir":"C:\\WorksAutomation\\Getgeeks-Gravidade-Zero\\Frontend\\Logs\\pabot_results\\0\\browser\\traces\\4fd4fc17-3f72-4650-b62f-6d0302d913e4"}</msg>
<status status="PASS" starttime="20211207 20:31:24.240" endtime="20211207 20:31:24.958"/>
</kw>
<kw name="New Page" library="Browser">
<arg>${URL_BASE}</arg>
<tag>BrowserControl</tag>
<tag>Setter</tag>
<doc>Open a new Page. A Page is the Playwright equivalent to a tab.
See `Browser, Context and Page` for more information about Page concept.
Returns a stable identifier for the created page.</doc>
<msg timestamp="20211207 20:31:29.538" level="INFO">Successfully initialized new page object and opened url: https://getgeeks-antonio.herokuapp.com</msg>
<msg timestamp="20211207 20:31:29.538" level="INFO">No context was open. New context was automatically opened when this page is created.</msg>
<status status="PASS" starttime="20211207 20:31:24.958" endtime="20211207 20:31:29.538"/>
</kw>
<status status="PASS" starttime="20211207 20:31:24.239" endtime="20211207 20:31:29.538"/>
</kw>
<kw name="Create Dictionary" library="BuiltIn">
<var>${user}</var>
<arg>email=antonio@404.com</arg>
<arg>password=123456</arg>
<doc>Creates and returns a dictionary based on the given ``items``.</doc>
<msg timestamp="20211207 20:31:29.539" level="INFO">${user} = {'email': 'antonio@404.com', 'password': '123456'}</msg>
<status status="PASS" starttime="20211207 20:31:29.539" endtime="20211207 20:31:29.539"/>
</kw>
<kw name="Go To Login Page" library="AuthActions">
<kw name="Go To" library="Browser">
<arg>${URL_BASE}</arg>
<tag>BrowserControl</tag>
<tag>Setter</tag>
<doc>Navigates to the given ``url``.</doc>
<msg timestamp="20211207 20:31:30.135" level="INFO">Successfully opened URL https://getgeeks-antonio.herokuapp.com</msg>
<status status="PASS" starttime="20211207 20:31:29.540" endtime="20211207 20:31:30.135"/>
</kw>
<kw name="Wait For Elements State" library="Browser">
<arg>css=.submit-button &gt;&gt; text=Entrar</arg>
<arg>visible</arg>
<arg>15</arg>
<tag>PageContent</tag>
<tag>Wait</tag>
<doc>Waits for the element found by ``selector`` to satisfy state option.</doc>
<msg timestamp="20211207 20:31:30.155" level="INFO">Waited for Element with selector css=.submit-button &gt;&gt; text=Entrar at state visible</msg>
<status status="PASS" starttime="20211207 20:31:30.135" endtime="20211207 20:31:30.155"/>
</kw>
<kw name="Wait For Elements State" library="Browser">
<arg>css=.login-form</arg>
<arg>visible</arg>
<arg>15</arg>
<tag>PageContent</tag>
<tag>Wait</tag>
<doc>Waits for the element found by ``selector`` to satisfy state option.</doc>
<msg timestamp="20211207 20:31:30.163" level="INFO">Waited for Element with selector css=.login-form at state visible</msg>
<status status="PASS" starttime="20211207 20:31:30.156" endtime="20211207 20:31:30.163"/>
</kw>
<status status="PASS" starttime="20211207 20:31:29.539" endtime="20211207 20:31:30.163"/>
</kw>
<kw name="Fill Credentials" library="AuthActions">
<arg>${user}</arg>
<kw name="Fill Text" library="Browser">
<arg>id=email</arg>
<arg>${user}[email]</arg>
<tag>PageContent</tag>
<tag>Setter</tag>
<doc>Clears and fills the given ``txt`` into the text field found by ``selector``.</doc>
<msg timestamp="20211207 20:31:30.164" level="INFO">Fills the text 'antonio@404.com' in the given field.</msg>
<status status="PASS" starttime="20211207 20:31:30.164" endtime="20211207 20:31:30.188"/>
</kw>
<kw name="Fill Text" library="Browser">
<arg>id=password</arg>
<arg>${user}[password]</arg>
<tag>PageContent</tag>
<tag>Setter</tag>
<doc>Clears and fills the given ``txt`` into the text field found by ``selector``.</doc>
<msg timestamp="20211207 20:31:30.189" level="INFO">Fills the text '123456' in the given field.</msg>
<status status="PASS" starttime="20211207 20:31:30.189" endtime="20211207 20:31:30.212"/>
</kw>
<status status="PASS" starttime="20211207 20:31:30.164" endtime="20211207 20:31:30.212"/>
</kw>
<kw name="Submit Credentials" library="AuthActions">
<kw name="Click" library="Browser">
<arg>css=.submit-button &gt;&gt; text=Entrar</arg>
<tag>PageContent</tag>
<tag>Setter</tag>
<doc>Simulates mouse click on the element found by ``selector``.</doc>
<status status="PASS" starttime="20211207 20:31:30.212" endtime="20211207 20:31:30.297"/>
</kw>
<status status="PASS" starttime="20211207 20:31:30.212" endtime="20211207 20:31:30.297"/>
</kw>
<kw name="Modal Content Should Be" library="_SharedActions">
<arg>Usuário e/ou senha inválidos.</arg>
<kw name="Set Variable" library="BuiltIn">
<var>${title}</var>
<arg>css=.swal2-title</arg>
<doc>Returns the given values which can then be assigned to a variables.</doc>
<msg timestamp="20211207 20:31:30.299" level="INFO">${title} = css=.swal2-title</msg>
<status status="PASS" starttime="20211207 20:31:30.298" endtime="20211207 20:31:30.299"/>
</kw>
<kw name="Set Variable" library="BuiltIn">
<var>${content}</var>
<arg>css=.swal2-html-container</arg>
<doc>Returns the given values which can then be assigned to a variables.</doc>
<msg timestamp="20211207 20:31:30.299" level="INFO">${content} = css=.swal2-html-container</msg>
<status status="PASS" starttime="20211207 20:31:30.299" endtime="20211207 20:31:30.299"/>
</kw>
<kw name="Wait For Elements State" library="Browser">
<arg>${title}</arg>
<arg>visible</arg>
<arg>15</arg>
<tag>PageContent</tag>
<tag>Wait</tag>
<doc>Waits for the element found by ``selector`` to satisfy state option.</doc>
<msg timestamp="20211207 20:31:32.285" level="INFO">Waited for Element with selector css=.swal2-title at state visible</msg>
<status status="PASS" starttime="20211207 20:31:30.299" endtime="20211207 20:31:32.285"/>
</kw>
<kw name="Get Text" library="Browser">
<arg>${title}</arg>
<arg>equal</arg>
<arg>Oops...</arg>
<tag>Assertion</tag>
<tag>Getter</tag>
<tag>PageContent</tag>
<doc>Returns text attribute of the element found by ``selector``.</doc>
<status status="PASS" starttime="20211207 20:31:32.286" endtime="20211207 20:31:32.306"/>
</kw>
<kw name="Wait For Elements State" library="Browser">
<arg>${content}</arg>
<arg>visible</arg>
<arg>15</arg>
<tag>PageContent</tag>
<tag>Wait</tag>
<doc>Waits for the element found by ``selector`` to satisfy state option.</doc>
<msg timestamp="20211207 20:31:32.314" level="INFO">Waited for Element with selector css=.swal2-html-container at state visible</msg>
<status status="PASS" starttime="20211207 20:31:32.306" endtime="20211207 20:31:32.314"/>
</kw>
<kw name="Get Text" library="Browser">
<arg>${content}</arg>
<arg>equal</arg>
<arg>${expected_message}</arg>
<tag>Assertion</tag>
<tag>Getter</tag>
<tag>PageContent</tag>
<doc>Returns text attribute of the element found by ``selector``.</doc>
<status status="PASS" starttime="20211207 20:31:32.314" endtime="20211207 20:31:32.337"/>
</kw>
<status status="PASS" starttime="20211207 20:31:30.298" endtime="20211207 20:31:32.338"/>
</kw>
<kw name="After Test" library="Base" type="TEARDOWN">
<kw name="Take Screenshot" library="Browser">
<tag>PageContent</tag>
<doc>Takes a screenshot of the current window or element and saves it to disk.</doc>
<msg timestamp="20211207 20:31:32.655" level="INFO" html="true">&lt;/td&gt;&lt;/tr&gt;&lt;tr&gt;&lt;td colspan="3"&gt;&lt;a href="browser/screenshot/robotframework-browser-screenshot-3.png"&gt;&lt;img src="browser/screenshot/robotframework-browser-screenshot-3.png" width="800px"&gt;&lt;/a&gt;</msg>
<status status="PASS" starttime="20211207 20:31:32.338" endtime="20211207 20:31:32.655"/>
</kw>
<status status="PASS" starttime="20211207 20:31:32.338" endtime="20211207 20:31:32.657"/>
</kw>
<tag>user_404</tag>
<status status="PASS" starttime="20211207 20:31:24.236" endtime="20211207 20:31:32.657"/>
</test>
<test id="s1-t4" name="Incorrect Email">
<kw name="Start Session" library="Base" type="SETUP">
<kw name="New Browser" library="Browser">
<arg>${BROWSER}</arg>
<arg>headless=${HEADLESS}</arg>
<arg>slowMo=00:00:00</arg>
<tag>BrowserControl</tag>
<tag>Setter</tag>
<doc>Create a new playwright Browser with specified options.</doc>
<msg timestamp="20211207 20:31:32.727" level="INFO">{"browser": "chromium", "headless": false, "handleSIGINT": true, "handleSIGTERM": true, "handleSIGHUP": true, "timeout": 30000.0, "devtools": false, "slowMo": 0.0, "tracesDir": "C:\\WorksAutomation\\Getgeeks-Gravidade-Zero\\Frontend\\Logs\\pabot_results\\0\\browser\\traces\\e13fa6ce-a8c1-41e6-9c29-c6b9cdd35ac6"}</msg>
<msg timestamp="20211207 20:31:33.534" level="INFO">Successfully created browser with options: {"browser":"chromium","headless":false,"handleSIGINT":true,"handleSIGTERM":true,"handleSIGHUP":true,"timeout":30000,"devtools":false,"slowMo":0,"tracesDir":"C:\\WorksAutomation\\Getgeeks-Gravidade-Zero\\Frontend\\Logs\\pabot_results\\0\\browser\\traces\\e13fa6ce-a8c1-41e6-9c29-c6b9cdd35ac6"}</msg>
<status status="PASS" starttime="20211207 20:31:32.725" endtime="20211207 20:31:33.534"/>
</kw>
<kw name="New Page" library="Browser">
<arg>${URL_BASE}</arg>
<tag>BrowserControl</tag>
<tag>Setter</tag>
<doc>Open a new Page. A Page is the Playwright equivalent to a tab.
See `Browser, Context and Page` for more information about Page concept.
Returns a stable identifier for the created page.</doc>
<msg timestamp="20211207 20:31:39.299" level="INFO">Successfully initialized new page object and opened url: https://getgeeks-antonio.herokuapp.com</msg>
<msg timestamp="20211207 20:31:39.299" level="INFO">No context was open. New context was automatically opened when this page is created.</msg>
<status status="PASS" starttime="20211207 20:31:33.534" endtime="20211207 20:31:39.299"/>
</kw>
<status status="PASS" starttime="20211207 20:31:32.724" endtime="20211207 20:31:39.300"/>
</kw>
<kw name="Create Dictionary" library="BuiltIn">
<var>${user}</var>
<arg>email=antonio&amp;gmail.com</arg>
<arg>password=123456</arg>
<doc>Creates and returns a dictionary based on the given ``items``.</doc>
<msg timestamp="20211207 20:31:39.301" level="INFO">${user} = {'email': 'antonio&amp;gmail.com', 'password': '123456'}</msg>
<status status="PASS" starttime="20211207 20:31:39.300" endtime="20211207 20:31:39.301"/>
</kw>
<kw name="Go To Login Page" library="AuthActions">
<kw name="Go To" library="Browser">
<arg>${URL_BASE}</arg>
<tag>BrowserControl</tag>
<tag>Setter</tag>
<doc>Navigates to the given ``url``.</doc>
<msg timestamp="20211207 20:31:40.035" level="INFO">Successfully opened URL https://getgeeks-antonio.herokuapp.com</msg>
<status status="PASS" starttime="20211207 20:31:39.301" endtime="20211207 20:31:40.035"/>
</kw>
<kw name="Wait For Elements State" library="Browser">
<arg>css=.submit-button &gt;&gt; text=Entrar</arg>
<arg>visible</arg>
<arg>15</arg>
<tag>PageContent</tag>
<tag>Wait</tag>
<doc>Waits for the element found by ``selector`` to satisfy state option.</doc>
<msg timestamp="20211207 20:31:40.059" level="INFO">Waited for Element with selector css=.submit-button &gt;&gt; text=Entrar at state visible</msg>
<status status="PASS" starttime="20211207 20:31:40.036" endtime="20211207 20:31:40.059"/>
</kw>
<kw name="Wait For Elements State" library="Browser">
<arg>css=.login-form</arg>
<arg>visible</arg>
<arg>15</arg>
<tag>PageContent</tag>
<tag>Wait</tag>
<doc>Waits for the element found by ``selector`` to satisfy state option.</doc>
<msg timestamp="20211207 20:31:40.064" level="INFO">Waited for Element with selector css=.login-form at state visible</msg>
<status status="PASS" starttime="20211207 20:31:40.059" endtime="20211207 20:31:40.064"/>
</kw>
<status status="PASS" starttime="20211207 20:31:39.301" endtime="20211207 20:31:40.065"/>
</kw>
<kw name="Fill Credentials" library="AuthActions">
<arg>${user}</arg>
<kw name="Fill Text" library="Browser">
<arg>id=email</arg>
<arg>${user}[email]</arg>
<tag>PageContent</tag>
<tag>Setter</tag>
<doc>Clears and fills the given ``txt`` into the text field found by ``selector``.</doc>
<msg timestamp="20211207 20:31:40.066" level="INFO">Fills the text 'antonio&amp;gmail.com' in the given field.</msg>
<status status="PASS" starttime="20211207 20:31:40.065" endtime="20211207 20:31:40.082"/>
</kw>
<kw name="Fill Text" library="Browser">
<arg>id=password</arg>
<arg>${user}[password]</arg>
<tag>PageContent</tag>
<tag>Setter</tag>
<doc>Clears and fills the given ``txt`` into the text field found by ``selector``.</doc>
<msg timestamp="20211207 20:31:40.083" level="INFO">Fills the text '123456' in the given field.</msg>
<status status="PASS" starttime="20211207 20:31:40.082" endtime="20211207 20:31:40.099"/>
</kw>
<status status="PASS" starttime="20211207 20:31:40.065" endtime="20211207 20:31:40.100"/>
</kw>
<kw name="Submit Credentials" library="AuthActions">
<kw name="Click" library="Browser">
<arg>css=.submit-button &gt;&gt; text=Entrar</arg>
<tag>PageContent</tag>
<tag>Setter</tag>
<doc>Simulates mouse click on the element found by ``selector``.</doc>
<status status="PASS" starttime="20211207 20:31:40.100" endtime="20211207 20:31:40.182"/>
</kw>
<status status="PASS" starttime="20211207 20:31:40.100" endtime="20211207 20:31:40.183"/>
</kw>
<kw name="Field Should Be Type Email" library="AuthActions">
<kw name="Get Property" library="Browser">
<arg>css=input[type=email]</arg>
<arg>type</arg>
<arg>equal</arg>
<arg>email</arg>
<tag>Assertion</tag>
<tag>Getter</tag>
<tag>PageContent</tag>
<doc>Returns the ``property`` of the element found by ``selector``.</doc>
<status status="PASS" starttime="20211207 20:31:40.183" endtime="20211207 20:31:40.200"/>
</kw>
<status status="PASS" starttime="20211207 20:31:40.183" endtime="20211207 20:31:40.200"/>
</kw>
<kw name="After Test" library="Base" type="TEARDOWN">
<kw name="Take Screenshot" library="Browser">
<tag>PageContent</tag>
<doc>Takes a screenshot of the current window or element and saves it to disk.</doc>
<msg timestamp="20211207 20:31:40.708" level="INFO" html="true">&lt;/td&gt;&lt;/tr&gt;&lt;tr&gt;&lt;td colspan="3"&gt;&lt;a href="browser/screenshot/robotframework-browser-screenshot-4.png"&gt;&lt;img src="browser/screenshot/robotframework-browser-screenshot-4.png" width="800px"&gt;&lt;/a&gt;</msg>
<status status="PASS" starttime="20211207 20:31:40.201" endtime="20211207 20:31:40.709"/>
</kw>
<status status="PASS" starttime="20211207 20:31:40.201" endtime="20211207 20:31:40.709"/>
</kw>
<tag>inv_email</tag>
<status status="PASS" starttime="20211207 20:31:32.720" endtime="20211207 20:31:40.709"/>
</test>
<test id="s1-t5" name="Required Email">
<kw name="Start Session" library="Base" type="SETUP">
<kw name="New Browser" library="Browser">
<arg>${BROWSER}</arg>
<arg>headless=${HEADLESS}</arg>
<arg>slowMo=00:00:00</arg>
<tag>BrowserControl</tag>
<tag>Setter</tag>
<doc>Create a new playwright Browser with specified options.</doc>
<msg timestamp="20211207 20:31:40.768" level="INFO">{"browser": "chromium", "headless": false, "handleSIGINT": true, "handleSIGTERM": true, "handleSIGHUP": true, "timeout": 30000.0, "devtools": false, "slowMo": 0.0, "tracesDir": "C:\\WorksAutomation\\Getgeeks-Gravidade-Zero\\Frontend\\Logs\\pabot_results\\0\\browser\\traces\\18fe1382-7dae-4483-933f-7fbe07a3eb3c"}</msg>
<msg timestamp="20211207 20:31:41.471" level="INFO">Successfully created browser with options: {"browser":"chromium","headless":false,"handleSIGINT":true,"handleSIGTERM":true,"handleSIGHUP":true,"timeout":30000,"devtools":false,"slowMo":0,"tracesDir":"C:\\WorksAutomation\\Getgeeks-Gravidade-Zero\\Frontend\\Logs\\pabot_results\\0\\browser\\traces\\18fe1382-7dae-4483-933f-7fbe07a3eb3c"}</msg>
<status status="PASS" starttime="20211207 20:31:40.767" endtime="20211207 20:31:41.475"/>
</kw>
<kw name="New Page" library="Browser">
<arg>${URL_BASE}</arg>
<tag>BrowserControl</tag>
<tag>Setter</tag>
<doc>Open a new Page. A Page is the Playwright equivalent to a tab.
See `Browser, Context and Page` for more information about Page concept.
Returns a stable identifier for the created page.</doc>
<msg timestamp="20211207 20:31:47.604" level="INFO">Successfully initialized new page object and opened url: https://getgeeks-antonio.herokuapp.com</msg>
<msg timestamp="20211207 20:31:47.604" level="INFO">No context was open. New context was automatically opened when this page is created.</msg>
<status status="PASS" starttime="20211207 20:31:41.475" endtime="20211207 20:31:47.605"/>
</kw>
<status status="PASS" starttime="20211207 20:31:40.767" endtime="20211207 20:31:47.605"/>
</kw>
<kw name="Create Dictionary" library="BuiltIn">
<var>${user}</var>
<arg>email=${EMPTY}</arg>
<arg>password=123456</arg>
<doc>Creates and returns a dictionary based on the given ``items``.</doc>
<msg timestamp="20211207 20:31:47.607" level="INFO">${user} = {'email': '', 'password': '123456'}</msg>
<status status="PASS" starttime="20211207 20:31:47.605" endtime="20211207 20:31:47.607"/>
</kw>
<kw name="Go To Login Page" library="AuthActions">
<kw name="Go To" library="Browser">
<arg>${URL_BASE}</arg>
<tag>BrowserControl</tag>
<tag>Setter</tag>
<doc>Navigates to the given ``url``.</doc>
<msg timestamp="20211207 20:31:48.332" level="INFO">Successfully opened URL https://getgeeks-antonio.herokuapp.com</msg>
<status status="PASS" starttime="20211207 20:31:47.607" endtime="20211207 20:31:48.332"/>
</kw>
<kw name="Wait For Elements State" library="Browser">
<arg>css=.submit-button &gt;&gt; text=Entrar</arg>
<arg>visible</arg>
<arg>15</arg>
<tag>PageContent</tag>
<tag>Wait</tag>
<doc>Waits for the element found by ``selector`` to satisfy state option.</doc>
<msg timestamp="20211207 20:31:48.362" level="INFO">Waited for Element with selector css=.submit-button &gt;&gt; text=Entrar at state visible</msg>
<status status="PASS" starttime="20211207 20:31:48.333" endtime="20211207 20:31:48.362"/>
</kw>
<kw name="Wait For Elements State" library="Browser">
<arg>css=.login-form</arg>
<arg>visible</arg>
<arg>15</arg>
<tag>PageContent</tag>
<tag>Wait</tag>
<doc>Waits for the element found by ``selector`` to satisfy state option.</doc>
<msg timestamp="20211207 20:31:48.369" level="INFO">Waited for Element with selector css=.login-form at state visible</msg>
<status status="PASS" starttime="20211207 20:31:48.362" endtime="20211207 20:31:48.369"/>
</kw>
<status status="PASS" starttime="20211207 20:31:47.607" endtime="20211207 20:31:48.369"/>
</kw>
<kw name="Fill Credentials" library="AuthActions">
<arg>${user}</arg>
<kw name="Fill Text" library="Browser">
<arg>id=email</arg>
<arg>${user}[email]</arg>
<tag>PageContent</tag>
<tag>Setter</tag>
<doc>Clears and fills the given ``txt`` into the text field found by ``selector``.</doc>
<msg timestamp="20211207 20:31:48.370" level="INFO">Fills the text '' in the given field.</msg>
<status status="PASS" starttime="20211207 20:31:48.370" endtime="20211207 20:31:48.382"/>
</kw>
<kw name="Fill Text" library="Browser">
<arg>id=password</arg>
<arg>${user}[password]</arg>
<tag>PageContent</tag>
<tag>Setter</tag>
<doc>Clears and fills the given ``txt`` into the text field found by ``selector``.</doc>
<msg timestamp="20211207 20:31:48.383" level="INFO">Fills the text '123456' in the given field.</msg>
<status status="PASS" starttime="20211207 20:31:48.382" endtime="20211207 20:31:48.399"/>
</kw>
<status status="PASS" starttime="20211207 20:31:48.369" endtime="20211207 20:31:48.399"/>
</kw>
<kw name="Submit Credentials" library="AuthActions">
<kw name="Click" library="Browser">
<arg>css=.submit-button &gt;&gt; text=Entrar</arg>
<tag>PageContent</tag>
<tag>Setter</tag>
<doc>Simulates mouse click on the element found by ``selector``.</doc>
<status status="PASS" starttime="20211207 20:31:48.399" endtime="20211207 20:31:48.488"/>
</kw>
<status status="PASS" starttime="20211207 20:31:48.399" endtime="20211207 20:31:48.488"/>
</kw>
<kw name="Alert Text Should Be" library="AuthActions">
<arg>E-mail obrigatório</arg>
<kw name="Set Variable" library="BuiltIn">
<var>${content}</var>
<arg>css=span[class=error] &gt;&gt; text=${expected_alert}</arg>
<doc>Returns the given values which can then be assigned to a variables.</doc>
<msg timestamp="20211207 20:31:48.489" level="INFO">${content} = css=span[class=error] &gt;&gt; text=E-mail obrigatório</msg>
<status status="PASS" starttime="20211207 20:31:48.489" endtime="20211207 20:31:48.489"/>
</kw>
<kw name="Wait For Elements State" library="Browser">
<arg>${content}</arg>
<arg>visible</arg>
<arg>15</arg>
<tag>PageContent</tag>
<tag>Wait</tag>
<doc>Waits for the element found by ``selector`` to satisfy state option.</doc>
<msg timestamp="20211207 20:31:48.497" level="INFO">Waited for Element with selector css=span[class=error] &gt;&gt; text=E-mail obrigatório at state visible</msg>
<status status="PASS" starttime="20211207 20:31:48.490" endtime="20211207 20:31:48.497"/>
</kw>
<kw name="Get Text" library="Browser">
<arg>${content}</arg>
<arg>Should Be</arg>
<arg>${expected_alert}</arg>
<tag>Assertion</tag>
<tag>Getter</tag>
<tag>PageContent</tag>
<doc>Returns text attribute of the element found by ``selector``.</doc>
<status status="PASS" starttime="20211207 20:31:48.498" endtime="20211207 20:31:48.516"/>
</kw>
<status status="PASS" starttime="20211207 20:31:48.488" endtime="20211207 20:31:48.516"/>
</kw>
<kw name="After Test" library="Base" type="TEARDOWN">
<kw name="Take Screenshot" library="Browser">
<tag>PageContent</tag>
<doc>Takes a screenshot of the current window or element and saves it to disk.</doc>
<msg timestamp="20211207 20:31:48.802" level="INFO" html="true">&lt;/td&gt;&lt;/tr&gt;&lt;tr&gt;&lt;td colspan="3"&gt;&lt;a href="browser/screenshot/robotframework-browser-screenshot-5.png"&gt;&lt;img src="browser/screenshot/robotframework-browser-screenshot-5.png" width="800px"&gt;&lt;/a&gt;</msg>
<status status="PASS" starttime="20211207 20:31:48.517" endtime="20211207 20:31:48.802"/>
</kw>
<status status="PASS" starttime="20211207 20:31:48.517" endtime="20211207 20:31:48.803"/>
</kw>
<tag>email_empty</tag>
<status status="PASS" starttime="20211207 20:31:40.764" endtime="20211207 20:31:48.803"/>
</test>
<test id="s1-t6" name="Required Password">
<kw name="Start Session" library="Base" type="SETUP">
<kw name="New Browser" library="Browser">
<arg>${BROWSER}</arg>
<arg>headless=${HEADLESS}</arg>
<arg>slowMo=00:00:00</arg>
<tag>BrowserControl</tag>
<tag>Setter</tag>
<doc>Create a new playwright Browser with specified options.</doc>
<msg timestamp="20211207 20:31:48.863" level="INFO">{"browser": "chromium", "headless": false, "handleSIGINT": true, "handleSIGTERM": true, "handleSIGHUP": true, "timeout": 30000.0, "devtools": false, "slowMo": 0.0, "tracesDir": "C:\\WorksAutomation\\Getgeeks-Gravidade-Zero\\Frontend\\Logs\\pabot_results\\0\\browser\\traces\\6341c746-e242-4109-aea9-e95b7fa96104"}</msg>
<msg timestamp="20211207 20:31:49.592" level="INFO">Successfully created browser with options: {"browser":"chromium","headless":false,"handleSIGINT":true,"handleSIGTERM":true,"handleSIGHUP":true,"timeout":30000,"devtools":false,"slowMo":0,"tracesDir":"C:\\WorksAutomation\\Getgeeks-Gravidade-Zero\\Frontend\\Logs\\pabot_results\\0\\browser\\traces\\6341c746-e242-4109-aea9-e95b7fa96104"}</msg>
<status status="PASS" starttime="20211207 20:31:48.862" endtime="20211207 20:31:49.592"/>
</kw>
<kw name="New Page" library="Browser">
<arg>${URL_BASE}</arg>
<tag>BrowserControl</tag>
<tag>Setter</tag>
<doc>Open a new Page. A Page is the Playwright equivalent to a tab.
See `Browser, Context and Page` for more information about Page concept.
Returns a stable identifier for the created page.</doc>
<msg timestamp="20211207 20:31:53.634" level="INFO">Successfully initialized new page object and opened url: https://getgeeks-antonio.herokuapp.com</msg>
<msg timestamp="20211207 20:31:53.635" level="INFO">No context was open. New context was automatically opened when this page is created.</msg>
<status status="PASS" starttime="20211207 20:31:49.592" endtime="20211207 20:31:53.635"/>
</kw>
<status status="PASS" starttime="20211207 20:31:48.861" endtime="20211207 20:31:53.635"/>
</kw>
<kw name="Create Dictionary" library="BuiltIn">
<var>${user}</var>
<arg>email=antonio@gmail.com</arg>
<arg>password=${EMPTY}</arg>
<doc>Creates and returns a dictionary based on the given ``items``.</doc>
<msg timestamp="20211207 20:31:53.636" level="INFO">${user} = {'email': 'antonio@gmail.com', 'password': ''}</msg>
<status status="PASS" starttime="20211207 20:31:53.635" endtime="20211207 20:31:53.636"/>
</kw>
<kw name="Go To Login Page" library="AuthActions">
<kw name="Go To" library="Browser">
<arg>${URL_BASE}</arg>
<tag>BrowserControl</tag>
<tag>Setter</tag>
<doc>Navigates to the given ``url``.</doc>
<msg timestamp="20211207 20:31:54.239" level="INFO">Successfully opened URL https://getgeeks-antonio.herokuapp.com</msg>
<status status="PASS" starttime="20211207 20:31:53.637" endtime="20211207 20:31:54.239"/>
</kw>
<kw name="Wait For Elements State" library="Browser">
<arg>css=.submit-button &gt;&gt; text=Entrar</arg>
<arg>visible</arg>
<arg>15</arg>
<tag>PageContent</tag>
<tag>Wait</tag>
<doc>Waits for the element found by ``selector`` to satisfy state option.</doc>
<msg timestamp="20211207 20:31:54.259" level="INFO">Waited for Element with selector css=.submit-button &gt;&gt; text=Entrar at state visible</msg>
<status status="PASS" starttime="20211207 20:31:54.240" endtime="20211207 20:31:54.260"/>
</kw>
<kw name="Wait For Elements State" library="Browser">
<arg>css=.login-form</arg>
<arg>visible</arg>
<arg>15</arg>
<tag>PageContent</tag>
<tag>Wait</tag>
<doc>Waits for the element found by ``selector`` to satisfy state option.</doc>
<msg timestamp="20211207 20:31:54.265" level="INFO">Waited for Element with selector css=.login-form at state visible</msg>
<status status="PASS" starttime="20211207 20:31:54.260" endtime="20211207 20:31:54.265"/>
</kw>
<status status="PASS" starttime="20211207 20:31:53.637" endtime="20211207 20:31:54.266"/>
</kw>
<kw name="Fill Credentials" library="AuthActions">
<arg>${user}</arg>
<kw name="Fill Text" library="Browser">
<arg>id=email</arg>
<arg>${user}[email]</arg>
<tag>PageContent</tag>
<tag>Setter</tag>
<doc>Clears and fills the given ``txt`` into the text field found by ``selector``.</doc>
<msg timestamp="20211207 20:31:54.267" level="INFO">Fills the text 'antonio@gmail.com' in the given field.</msg>
<status status="PASS" starttime="20211207 20:31:54.266" endtime="20211207 20:31:54.284"/>
</kw>
<kw name="Fill Text" library="Browser">
<arg>id=password</arg>
<arg>${user}[password]</arg>
<tag>PageContent</tag>
<tag>Setter</tag>
<doc>Clears and fills the given ``txt`` into the text field found by ``selector``.</doc>
<msg timestamp="20211207 20:31:54.285" level="INFO">Fills the text '' in the given field.</msg>
<status status="PASS" starttime="20211207 20:31:54.285" endtime="20211207 20:31:54.299"/>
</kw>
<status status="PASS" starttime="20211207 20:31:54.266" endtime="20211207 20:31:54.300"/>
</kw>
<kw name="Submit Credentials" library="AuthActions">
<kw name="Click" library="Browser">
<arg>css=.submit-button &gt;&gt; text=Entrar</arg>
<tag>PageContent</tag>
<tag>Setter</tag>
<doc>Simulates mouse click on the element found by ``selector``.</doc>
<status status="PASS" starttime="20211207 20:31:54.300" endtime="20211207 20:31:54.399"/>
</kw>
<status status="PASS" starttime="20211207 20:31:54.300" endtime="20211207 20:31:54.399"/>
</kw>
<kw name="Alert Text Should Be" library="AuthActions">
<arg>Senha obrigatória</arg>
<kw name="Set Variable" library="BuiltIn">
<var>${content}</var>
<arg>css=span[class=error] &gt;&gt; text=${expected_alert}</arg>
<doc>Returns the given values which can then be assigned to a variables.</doc>
<msg timestamp="20211207 20:31:54.400" level="INFO">${content} = css=span[class=error] &gt;&gt; text=Senha obrigatória</msg>
<status status="PASS" starttime="20211207 20:31:54.400" endtime="20211207 20:31:54.400"/>
</kw>
<kw name="Wait For Elements State" library="Browser">
<arg>${content}</arg>
<arg>visible</arg>
<arg>15</arg>
<tag>PageContent</tag>
<tag>Wait</tag>
<doc>Waits for the element found by ``selector`` to satisfy state option.</doc>
<msg timestamp="20211207 20:31:54.461" level="INFO">Waited for Element with selector css=span[class=error] &gt;&gt; text=Senha obrigatória at state visible</msg>
<status status="PASS" starttime="20211207 20:31:54.400" endtime="20211207 20:31:54.461"/>
</kw>
<kw name="Get Text" library="Browser">
<arg>${content}</arg>
<arg>Should Be</arg>
<arg>${expected_alert}</arg>
<tag>Assertion</tag>
<tag>Getter</tag>
<tag>PageContent</tag>
<doc>Returns text attribute of the element found by ``selector``.</doc>
<status status="PASS" starttime="20211207 20:31:54.462" endtime="20211207 20:31:54.532"/>
</kw>
<status status="PASS" starttime="20211207 20:31:54.399" endtime="20211207 20:31:54.532"/>
</kw>
<kw name="After Test" library="Base" type="TEARDOWN">
<kw name="Take Screenshot" library="Browser">
<tag>PageContent</tag>
<doc>Takes a screenshot of the current window or element and saves it to disk.</doc>
<msg timestamp="20211207 20:31:54.824" level="INFO" html="true">&lt;/td&gt;&lt;/tr&gt;&lt;tr&gt;&lt;td colspan="3"&gt;&lt;a href="browser/screenshot/robotframework-browser-screenshot-6.png"&gt;&lt;img src="browser/screenshot/robotframework-browser-screenshot-6.png" width="800px"&gt;&lt;/a&gt;</msg>
<status status="PASS" starttime="20211207 20:31:54.533" endtime="20211207 20:31:54.824"/>
</kw>
<status status="PASS" starttime="20211207 20:31:54.532" endtime="20211207 20:31:54.824"/>
</kw>
<tag>pass_empty</tag>
<status status="PASS" starttime="20211207 20:31:48.857" endtime="20211207 20:31:54.825"/>
</test>
<test id="s1-t7" name="Required Fields">
<kw name="Start Session" library="Base" type="SETUP">
<kw name="New Browser" library="Browser">
<arg>${BROWSER}</arg>
<arg>headless=${HEADLESS}</arg>
<arg>slowMo=00:00:00</arg>
<tag>BrowserControl</tag>
<tag>Setter</tag>
<doc>Create a new playwright Browser with specified options.</doc>
<msg timestamp="20211207 20:31:54.891" level="INFO">{"browser": "chromium", "headless": false, "handleSIGINT": true, "handleSIGTERM": true, "handleSIGHUP": true, "timeout": 30000.0, "devtools": false, "slowMo": 0.0, "tracesDir": "C:\\WorksAutomation\\Getgeeks-Gravidade-Zero\\Frontend\\Logs\\pabot_results\\0\\browser\\traces\\c5064c47-da33-4bb8-90a0-6978571c0307"}</msg>
<msg timestamp="20211207 20:31:55.693" level="INFO">Successfully created browser with options: {"browser":"chromium","headless":false,"handleSIGINT":true,"handleSIGTERM":true,"handleSIGHUP":true,"timeout":30000,"devtools":false,"slowMo":0,"tracesDir":"C:\\WorksAutomation\\Getgeeks-Gravidade-Zero\\Frontend\\Logs\\pabot_results\\0\\browser\\traces\\c5064c47-da33-4bb8-90a0-6978571c0307"}</msg>
<status status="PASS" starttime="20211207 20:31:54.887" endtime="20211207 20:31:55.693"/>
</kw>
<kw name="New Page" library="Browser">
<arg>${URL_BASE}</arg>
<tag>BrowserControl</tag>
<tag>Setter</tag>
<doc>Open a new Page. A Page is the Playwright equivalent to a tab.
See `Browser, Context and Page` for more information about Page concept.
Returns a stable identifier for the created page.</doc>
<msg timestamp="20211207 20:32:00.044" level="INFO">Successfully initialized new page object and opened url: https://getgeeks-antonio.herokuapp.com</msg>
<msg timestamp="20211207 20:32:00.044" level="INFO">No context was open. New context was automatically opened when this page is created.</msg>
<status status="PASS" starttime="20211207 20:31:55.693" endtime="20211207 20:32:00.044"/>
</kw>
<status status="PASS" starttime="20211207 20:31:54.886" endtime="20211207 20:32:00.044"/>
</kw>
<kw name="Set Variable" library="BuiltIn">
<var>@{expected_alerts}</var>
<arg>E-mail obrigatório</arg>
<arg>Senha obrigatória</arg>
<doc>Returns the given values which can then be assigned to a variables.</doc>
<msg timestamp="20211207 20:32:00.046" level="INFO">@{expected_alerts} = [ E-mail obrigatório | Senha obrigatória ]</msg>
<status status="PASS" starttime="20211207 20:32:00.045" endtime="20211207 20:32:00.046"/>
</kw>
<kw name="Create List" library="BuiltIn">
<var>@{got_alerts}</var>
<doc>Returns a list containing given items.</doc>
<msg timestamp="20211207 20:32:00.046" level="INFO">@{got_alerts} = [ ]</msg>
<status status="PASS" starttime="20211207 20:32:00.046" endtime="20211207 20:32:00.046"/>
</kw>
<kw name="Go To Login Page" library="AuthActions">
<kw name="Go To" library="Browser">
<arg>${URL_BASE}</arg>
<tag>BrowserControl</tag>
<tag>Setter</tag>
<doc>Navigates to the given ``url``.</doc>
<msg timestamp="20211207 20:32:00.627" level="INFO">Successfully opened URL https://getgeeks-antonio.herokuapp.com</msg>
<status status="PASS" starttime="20211207 20:32:00.047" endtime="20211207 20:32:00.627"/>
</kw>
<kw name="Wait For Elements State" library="Browser">
<arg>css=.submit-button &gt;&gt; text=Entrar</arg>
<arg>visible</arg>
<arg>15</arg>
<tag>PageContent</tag>
<tag>Wait</tag>
<doc>Waits for the element found by ``selector`` to satisfy state option.</doc>
<msg timestamp="20211207 20:32:00.651" level="INFO">Waited for Element with selector css=.submit-button &gt;&gt; text=Entrar at state visible</msg>
<status status="PASS" starttime="20211207 20:32:00.627" endtime="20211207 20:32:00.651"/>
</kw>
<kw name="Wait For Elements State" library="Browser">
<arg>css=.login-form</arg>
<arg>visible</arg>
<arg>15</arg>
<tag>PageContent</tag>
<tag>Wait</tag>
<doc>Waits for the element found by ``selector`` to satisfy state option.</doc>
<msg timestamp="20211207 20:32:00.661" level="INFO">Waited for Element with selector css=.login-form at state visible</msg>
<status status="PASS" starttime="20211207 20:32:00.651" endtime="20211207 20:32:00.661"/>
</kw>
<status status="PASS" starttime="20211207 20:32:00.046" endtime="20211207 20:32:00.661"/>
</kw>
<kw name="Submit Credentials" library="AuthActions">
<kw name="Click" library="Browser">
<arg>css=.submit-button &gt;&gt; text=Entrar</arg>
<tag>PageContent</tag>
<tag>Setter</tag>
<doc>Simulates mouse click on the element found by ``selector``.</doc>
<status status="PASS" starttime="20211207 20:32:00.662" endtime="20211207 20:32:00.752"/>
</kw>
<status status="PASS" starttime="20211207 20:32:00.662" endtime="20211207 20:32:00.753"/>
</kw>
<for flavor="IN RANGE">
<var>${index}</var>
<value>1</value>
<value>3</value>
<iter>
<var name="${index}">1</var>
<kw name="Get Required Alerts" library="_SharedActions">
<var>${span}</var>
<arg>${index}</arg>
<kw name="Get Text" library="Browser">
<var>${span}</var>
<arg>xpath=(//form//span)[${index}]</arg>
<tag>Assertion</tag>
<tag>Getter</tag>
<tag>PageContent</tag>
<doc>Returns text attribute of the element found by ``selector``.</doc>
<msg timestamp="20211207 20:32:00.772" level="INFO">${span} = E-mail obrigatório</msg>
<status status="PASS" starttime="20211207 20:32:00.754" endtime="20211207 20:32:00.772"/>
</kw>
<msg timestamp="20211207 20:32:00.772" level="INFO">${span} = E-mail obrigatório</msg>
<status status="PASS" starttime="20211207 20:32:00.753" endtime="20211207 20:32:00.772"/>
</kw>
<kw name="Append To List" library="Collections">
<arg>${got_alerts}</arg>
<arg>${span}</arg>
<doc>Adds ``values`` to the end of ``list``.</doc>
<status status="PASS" starttime="20211207 20:32:00.773" endtime="20211207 20:32:00.773"/>
</kw>
<status status="PASS" starttime="20211207 20:32:00.753" endtime="20211207 20:32:00.773"/>
</iter>
<iter>
<var name="${index}">2</var>
<kw name="Get Required Alerts" library="_SharedActions">
<var>${span}</var>
<arg>${index}</arg>
<kw name="Get Text" library="Browser">
<var>${span}</var>
<arg>xpath=(//form//span)[${index}]</arg>
<tag>Assertion</tag>
<tag>Getter</tag>
<tag>PageContent</tag>
<doc>Returns text attribute of the element found by ``selector``.</doc>
<msg timestamp="20211207 20:32:00.780" level="INFO">${span} = Senha obrigatória</msg>
<status status="PASS" starttime="20211207 20:32:00.774" endtime="20211207 20:32:00.780"/>
</kw>
<msg timestamp="20211207 20:32:00.780" level="INFO">${span} = Senha obrigatória</msg>
<status status="PASS" starttime="20211207 20:32:00.773" endtime="20211207 20:32:00.780"/>
</kw>
<kw name="Append To List" library="Collections">
<arg>${got_alerts}</arg>
<arg>${span}</arg>
<doc>Adds ``values`` to the end of ``list``.</doc>
<status status="PASS" starttime="20211207 20:32:00.780" endtime="20211207 20:32:00.784"/>
</kw>
<status status="PASS" starttime="20211207 20:32:00.773" endtime="20211207 20:32:00.784"/>
</iter>
<status status="PASS" starttime="20211207 20:32:00.753" endtime="20211207 20:32:00.784"/>
</for>
<kw name="Log" library="BuiltIn">
<arg>${expected_alerts}</arg>
<doc>Logs the given message with the given level.</doc>
<msg timestamp="20211207 20:32:00.785" level="INFO">['E-mail obrigatório', 'Senha obrigatória']</msg>
<status status="PASS" starttime="20211207 20:32:00.784" endtime="20211207 20:32:00.785"/>
</kw>
<kw name="Log" library="BuiltIn">
<arg>${got_alerts}</arg>
<doc>Logs the given message with the given level.</doc>
<msg timestamp="20211207 20:32:00.786" level="INFO">['E-mail obrigatório', 'Senha obrigatória']</msg>
<status status="PASS" starttime="20211207 20:32:00.785" endtime="20211207 20:32:00.786"/>
</kw>
<kw name="Lists Should Be Equal" library="Collections">
<arg>${expected_alerts}</arg>
<arg>${got_alerts}</arg>
<doc>Fails if given lists are unequal.</doc>
<status status="PASS" starttime="20211207 20:32:00.786" endtime="20211207 20:32:00.787"/>
</kw>
<kw name="After Test" library="Base" type="TEARDOWN">
<kw name="Take Screenshot" library="Browser">
<tag>PageContent</tag>
<doc>Takes a screenshot of the current window or element and saves it to disk.</doc>
<msg timestamp="20211207 20:32:01.061" level="INFO" html="true">&lt;/td&gt;&lt;/tr&gt;&lt;tr&gt;&lt;td colspan="3"&gt;&lt;a href="browser/screenshot/robotframework-browser-screenshot-7.png"&gt;&lt;img src="browser/screenshot/robotframework-browser-screenshot-7.png" width="800px"&gt;&lt;/a&gt;</msg>
<status status="PASS" starttime="20211207 20:32:00.787" endtime="20211207 20:32:01.061"/>
</kw>
<status status="PASS" starttime="20211207 20:32:00.787" endtime="20211207 20:32:01.061"/>
</kw>
<tag>fields_empty</tag>
<status status="PASS" starttime="20211207 20:31:54.883" endtime="20211207 20:32:01.061"/>
</test>
<doc>Authorization test suite</doc>
<status status="PASS" starttime="20211207 20:31:08.620" endtime="20211207 20:32:01.116"/>
</suite>
<statistics>
<total>
<stat pass="7" fail="0" skip="0">All Tests</stat>
</total>
<tag>
<stat pass="1" fail="0" skip="0">email_empty</stat>
<stat pass="1" fail="0" skip="0">fields_empty</stat>
<stat pass="1" fail="0" skip="0">inv_email</stat>
<stat pass="1" fail="0" skip="0">inv_pass</stat>
<stat pass="1" fail="0" skip="0">pass_empty</stat>
<stat pass="1" fail="0" skip="0">smoke</stat>
<stat pass="1" fail="0" skip="0">user_404</stat>
</tag>
<suite>
<stat pass="7" fail="0" skip="0" id="s1" name="Login">Login</stat>
</suite>
</statistics>
<errors>
</errors>
</robot>
